-------------------------------------------------------------------------------
Test set: one.digitalinnovation.parking.controller.ParkingControllerTest
-------------------------------------------------------------------------------
Tests run: 2, Failures: 0, Errors: 2, Skipped: 0, Time elapsed: 30.806 s <<< FAILURE! - in one.digitalinnovation.parking.controller.ParkingControllerTest
whenCreateThenCheckIsCreated  Time elapsed: 0.007 s  <<< ERROR!
java.lang.ExceptionInInitializerError
Caused by: org.testcontainers.containers.ContainerLaunchException: Container startup failed
Caused by: org.testcontainers.containers.ContainerFetchException: Can't get Docker image: RemoteDockerImage(imageName=postgres:10-alpine, imagePullPolicy=DefaultPullPolicy())
Caused by: java.lang.IllegalStateException: Could not find a valid Docker environment. Please see logs and check configuration

whenFindAllThenCheckResult  Time elapsed: 0 s  <<< ERROR!
java.lang.NoClassDefFoundError: Could not initialize class one.digitalinnovation.parking.controller.ParkingControllerTest

