<?xml version="1.0" encoding="UTF-8"?>
<testsuite xmlns:xsi="http://www.w3.org/2001/XMLSchema-instance" xsi:noNamespaceSchemaLocation="https://maven.apache.org/surefire/maven-surefire-plugin/xsd/surefire-test-report.xsd" name="one.digitalinnovation.parking.controller.ParkingControllerTest" time="30.806" tests="2" errors="2" skipped="0" failures="0">
  <properties>
[...]
</properties>
  <testcase name="whenCreateThenCheckIsCreated" classname="one.digitalinnovation.parking.controller.ParkingControllerTest" time="0.007">
    <error type="java.lang.ExceptionInInitializerError">java.lang.ExceptionInInitializerError
Caused by: org.testcontainers.containers.ContainerLaunchException: Container startup failed
Caused by: org.testcontainers.containers.ContainerFetchException: Can't get Docker image: RemoteDockerImage(imageName=postgres:10-alpine, imagePullPolicy=DefaultPullPolicy())
Caused by: java.lang.IllegalStateException: Could not find a valid Docker environment. Please see logs and check configuration
</error>
    <system-out><![CDATA[11:45:26.860 [main] DEBUG org.springframework.test.context.BootstrapUtils - Instantiating CacheAwareContextLoaderDelegate from class [org.springframework.test.context.cache.DefaultCacheAwareContextLoaderDelegate]
11:45:26.872 [main] DEBUG org.springframework.test.context.BootstrapUtils - Instantiating BootstrapContext using constructor [public org.springframework.test.context.support.DefaultBootstrapContext(java.lang.Class,org.springframework.test.context.CacheAwareContextLoaderDelegate)]
11:45:26.908 [main] DEBUG org.springframework.test.context.BootstrapUtils - Instantiating TestContextBootstrapper for test class [one.digitalinnovation.parking.controller.ParkingControllerTest] from class [org.springframework.boot.test.context.SpringBootTestContextBootstrapper]
11:45:26.916 [main] INFO org.springframework.boot.test.context.SpringBootTestContextBootstrapper - Neither @ContextConfiguration nor @ContextHierarchy found for test class [one.digitalinnovation.parking.controller.ParkingControllerTest], using SpringBootContextLoader
11:45:26.921 [main] DEBUG org.springframework.test.context.support.AbstractContextLoader - Did not detect default resource location for test class [one.digitalinnovation.parking.controller.ParkingControllerTest]: class path resource [one/digitalinnovation/parking/controller/ParkingControllerTest-context.xml] does not exist
11:45:26.922 [main] DEBUG org.springframework.test.context.support.AbstractContextLoader - Did not detect default resource location for test class [one.digitalinnovation.parking.controller.ParkingControllerTest]: class path resource [one/digitalinnovation/parking/controller/ParkingControllerTestContext.groovy] does not exist
11:45:26.922 [main] INFO org.springframework.test.context.support.AbstractContextLoader - Could not detect default resource locations for test class [one.digitalinnovation.parking.controller.ParkingControllerTest]: no resource found for suffixes {-context.xml, Context.groovy}.
11:45:26.923 [main] INFO org.springframework.test.context.support.AnnotationConfigContextLoaderUtils - Could not detect default configuration classes for test class [one.digitalinnovation.parking.controller.ParkingControllerTest]: ParkingControllerTest does not declare any static, non-private, non-final, nested classes annotated with @Configuration.
11:45:26.967 [main] DEBUG org.springframework.test.context.support.ActiveProfilesUtils - Could not find an 'annotation declaring class' for annotation type [org.springframework.test.context.ActiveProfiles] and class [one.digitalinnovation.parking.controller.ParkingControllerTest]
11:45:27.033 [main] DEBUG org.springframework.context.annotation.ClassPathScanningCandidateComponentProvider - Identified candidate component class: file [C:\Users\Lucas\Desktop\Programação\Spring\cloud-parking-main\target\classes\one\digitalinnovation\parking\CloudParkingApplication.class]
11:45:27.034 [main] INFO org.springframework.boot.test.context.SpringBootTestContextBootstrapper - Found @SpringBootConfiguration one.digitalinnovation.parking.CloudParkingApplication for test class one.digitalinnovation.parking.controller.ParkingControllerTest
11:45:27.129 [main] DEBUG org.springframework.boot.test.context.SpringBootTestContextBootstrapper - @TestExecutionListeners is not present for class [one.digitalinnovation.parking.controller.ParkingControllerTest]: using defaults.
11:45:27.129 [main] INFO org.springframework.boot.test.context.SpringBootTestContextBootstrapper - Loaded default TestExecutionListener class names from location [META-INF/spring.factories]: [org.springframework.boot.test.mock.mockito.MockitoTestExecutionListener, org.springframework.boot.test.mock.mockito.ResetMocksTestExecutionListener, org.springframework.boot.test.autoconfigure.restdocs.RestDocsTestExecutionListener, org.springframework.boot.test.autoconfigure.web.client.MockRestServiceServerResetTestExecutionListener, org.springframework.boot.test.autoconfigure.web.servlet.MockMvcPrintOnlyOnFailureTestExecutionListener, org.springframework.boot.test.autoconfigure.web.servlet.WebDriverTestExecutionListener, org.springframework.boot.test.autoconfigure.webservices.client.MockWebServiceServerTestExecutionListener, org.springframework.test.context.web.ServletTestExecutionListener, org.springframework.test.context.support.DirtiesContextBeforeModesTestExecutionListener, org.springframework.test.context.support.DependencyInjectionTestExecutionListener, org.springframework.test.context.support.DirtiesContextTestExecutionListener, org.springframework.test.context.transaction.TransactionalTestExecutionListener, org.springframework.test.context.jdbc.SqlScriptsTestExecutionListener, org.springframework.test.context.event.EventPublishingTestExecutionListener]
11:45:27.146 [main] INFO org.springframework.boot.test.context.SpringBootTestContextBootstrapper - Using TestExecutionListeners: [org.springframework.test.context.web.ServletTestExecutionListener@57eda880, org.springframework.test.context.support.DirtiesContextBeforeModesTestExecutionListener@2b5825fa, org.springframework.boot.test.mock.mockito.MockitoTestExecutionListener@53d1b9b3, org.springframework.boot.test.autoconfigure.SpringBootDependencyInjectionTestExecutionListener@2cae1042, org.springframework.test.context.support.DirtiesContextTestExecutionListener@163d04ff, org.springframework.test.context.transaction.TransactionalTestExecutionListener@7c209437, org.springframework.test.context.jdbc.SqlScriptsTestExecutionListener@2262b621, org.springframework.test.context.event.EventPublishingTestExecutionListener@7e928e2f, org.springframework.boot.test.mock.mockito.ResetMocksTestExecutionListener@f667fe, org.springframework.boot.test.autoconfigure.restdocs.RestDocsTestExecutionListener@788fcafb, org.springframework.boot.test.autoconfigure.web.client.MockRestServiceServerResetTestExecutionListener@4febb875, org.springframework.boot.test.autoconfigure.web.servlet.MockMvcPrintOnlyOnFailureTestExecutionListener@25e2a451, org.springframework.boot.test.autoconfigure.web.servlet.WebDriverTestExecutionListener@1698ee84, org.springframework.boot.test.autoconfigure.webservices.client.MockWebServiceServerTestExecutionListener@10c626be]
11:45:27.149 [main] DEBUG org.springframework.test.context.support.AbstractDirtiesContextTestExecutionListener - Before test class: context [DefaultTestContext@338494fa testClass = ParkingControllerTest, testInstance = [null], testMethod = [null], testException = [null], mergedContextConfiguration = [WebMergedContextConfiguration@505a9d7c testClass = ParkingControllerTest, locations = '{}', classes = '{class one.digitalinnovation.parking.CloudParkingApplication}', contextInitializerClasses = '[]', activeProfiles = '{}', propertySourceLocations = '{}', propertySourceProperties = '{org.springframework.boot.test.context.SpringBootTestContextBootstrapper=true, server.port=0}', contextCustomizers = set[org.springframework.boot.test.context.filter.ExcludeFilterContextCustomizer@f14a7d4, org.springframework.boot.test.json.DuplicateJsonObjectContextCustomizerFactory$DuplicateJsonObjectContextCustomizer@79c97cb, org.springframework.boot.test.mock.mockito.MockitoContextCustomizer@0, org.springframework.boot.test.web.client.TestRestTemplateContextCustomizer@1187c9e8, org.springframework.boot.test.web.reactive.server.WebTestClientContextCustomizer@45ac5f9b, org.springframework.boot.test.autoconfigure.actuate.metrics.MetricsExportContextCustomizerFactory$DisableMetricExportContextCustomizer@2a3888c1, org.springframework.boot.test.autoconfigure.properties.PropertyMappingContextCustomizer@0, org.springframework.boot.test.autoconfigure.web.servlet.WebDriverContextCustomizerFactory$Customizer@28d18df5, org.springframework.boot.test.context.SpringBootTestArgs@1, org.springframework.boot.test.context.SpringBootTestWebEnvironment@1fa268de], resourceBasePath = 'src/main/webapp', contextLoader = 'org.springframework.boot.test.context.SpringBootContextLoader', parent = [null]], attributes = map['org.springframework.test.context.web.ServletTestExecutionListener.activateListener' -> false]], class annotated with @DirtiesContext [false] with mode [null].
11:45:27.235 [main] DEBUG org.testcontainers.utility.TestcontainersConfiguration - Testcontainers configuration overrides will be loaded from file:/C:/Users/Lucas/.testcontainers.properties
11:45:27.246 [main] WARN org.testcontainers.utility.TestcontainersConfiguration - Attempted to read Testcontainers configuration file at file:/C:/Users/Lucas/.testcontainers.properties but the file was not found. Exception message: FileNotFoundException: C:\Users\Lucas\.testcontainers.properties (O sistema não pode encontrar o arquivo especificado)
11:45:27.250 [main] INFO org.testcontainers.utility.ImageNameSubstitutor - Image name substitution will be performed by: DefaultImageNameSubstitutor (ConfigurationFileImageNameSubstitutor)
11:45:27.258 [main] DEBUG org.testcontainers.utility.ImageNameSubstitutor - Did not find a substitute image for postgres:10-alpine (using image substitutor: DefaultImageNameSubstitutor (ConfigurationFileImageNameSubstitutor))
11:45:27.280 [main] INFO org.testcontainers.dockerclient.DockerMachineClientProviderStrategy - docker-machine executable was not found on PATH ([C:/DevTools/sts-4.15.1.RELEASE//plugins/org.eclipse.justj.openjdk.hotspot.jre.full.win32.x86_64_17.0.3.v20220515-1416/jre/bin/server, C:/DevTools/sts-4.15.1.RELEASE//plugins/org.eclipse.justj.openjdk.hotspot.jre.full.win32.x86_64_17.0.3.v20220515-1416/jre/bin, C:\Program Files\Amazon Corretto\jdk18.0.1_10\bin, C:\Program Files (x86)\Common Files\Oracle\Java\javapath, C:\Program Files (x86)\VMware\VMware Player\bin\, C:\Windows\system32, C:\Windows, C:\Windows\System32\Wbem, C:\Windows\System32\WindowsPowerShell\v1.0\, C:\Windows\System32\OpenSSH\, C:\Program Files\dotnet\, C:\Program Files (x86)\NVIDIA Corporation\PhysX\Common, C:\Program Files\NVIDIA Corporation\NVIDIA NvDLISR, C:\ProgramData\UNIVALI\Portugol Studio, C:\Program Files\Git\cmd, C:\Program Files\Microsoft SQL Server\Client SDK\ODBC\170\Tools\Binn\, C:\Program Files (x86)\Microsoft SQL Server\150\Tools\Binn\, C:\Program Files\Microsoft SQL Server\150\Tools\Binn\, C:\Program Files\Microsoft SQL Server\150\DTS\Binn\, C:\Program Files (x86)\Microsoft SQL Server\150\DTS\Binn\, C:\Program Files\RedHat\java-1.8.0-openjdk-1.8.0.322-2\bin, C:\Program Files\RedHat\java-1.8.0-openjdk-1.8.0.322-2\jre\bin, C:\Program Files\Go\bin, C:\Program Files\nodejs\, C:\DevTools\apache-maven-3.8.6\bin, C:\Program Files\Amazon Corretto\jdk18.0.1_10\bin, C:\Program Files (x86)\Common Files\Oracle\Java\javapath, C:\Program Files (x86)\VMware\VMware Player\bin\, C:\Windows\system32, C:\Windows, C:\Windows\System32\Wbem, C:\Windows\System32\WindowsPowerShell\v1.0\, C:\Windows\System32\OpenSSH\, C:\Program Files\dotnet\, C:\Program Files (x86)\NVIDIA Corporation\PhysX\Common, C:\Program Files\NVIDIA Corporation\NVIDIA NvDLISR, C:\ProgramData\UNIVALI\Portugol Studio, C:\Program Files\Git\cmd, C:\Program Files\Microsoft SQL Server\Client SDK\ODBC\170\Tools\Binn\, C:\Program Files (x86)\Microsoft SQL Server\150\Tools\Binn\, C:\Program Files\Microsoft SQL Server\150\Tools\Binn\, C:\Program Files\Microsoft SQL Server\150\DTS\Binn\, C:\Program Files (x86)\Microsoft SQL Server\150\DTS\Binn\, C:\Program Files\RedHat\java-1.8.0-openjdk-1.8.0.322-2\bin, C:\Program Files\RedHat\java-1.8.0-openjdk-1.8.0.322-2\jre\bin, C:\Program Files\Go\bin, C:\Program Files\nodejs\, C:\DevTools\apache-maven-3.8.6\bin, , C:\Python34\Scripts, C:\Program Files\Azure Data Studio\bin, C:\Users\Lucas\.dotnet\tools, C:\Users\Lucas\AppData\Local\Programs\Microsoft VS Code\bin, C:\Users\Lucas\go\bin, C:\Users\Lucas\AppData\Roaming\npm, C:\Program Files\JetBrains\IntelliJ IDEA Community Edition 2022.1.3\bin, , C:\DevTools\sts-4.15.1.RELEASE])
11:45:27.603 [ducttape-0] DEBUG org.testcontainers.dockerclient.DockerClientProviderStrategy - Pinging docker daemon...
11:45:27.623 [ducttape-0] DEBUG org.testcontainers.shaded.com.github.dockerjava.core.command.AbstrDockerCmd - Cmd: 
11:45:37.759 [ducttape-0] DEBUG org.testcontainers.dockerclient.DockerClientProviderStrategy - Pinging docker daemon...
11:45:37.759 [ducttape-0] DEBUG org.testcontainers.shaded.com.github.dockerjava.core.command.AbstrDockerCmd - Cmd: 
11:45:47.865 [ducttape-0] DEBUG org.testcontainers.dockerclient.DockerClientProviderStrategy - Pinging docker daemon...
11:45:47.865 [ducttape-0] DEBUG org.testcontainers.shaded.com.github.dockerjava.core.command.AbstrDockerCmd - Cmd: 
11:45:57.607 [main] DEBUG org.testcontainers.dockerclient.DockerClientProviderStrategy - NpipeSocketClientProviderStrategy: failed with exception TimeoutException (Timeout waiting for result with exception). Root cause NoSuchFileException (\\.\pipe\docker_engine)
11:45:57.608 [main] ERROR org.testcontainers.dockerclient.DockerClientProviderStrategy - Could not find a valid Docker environment. Please check configuration. Attempted configurations were:
11:45:57.608 [main] ERROR org.testcontainers.dockerclient.DockerClientProviderStrategy -     NpipeSocketClientProviderStrategy: failed with exception TimeoutException (Timeout waiting for result with exception). Root cause NoSuchFileException (\\.\pipe\docker_engine)
11:45:57.608 [main] ERROR org.testcontainers.dockerclient.DockerClientProviderStrategy - As no valid configuration was found, execution cannot continue
11:45:57.608 [main] DEBUG org.testcontainers.utility.ImageNameSubstitutor - Did not find a substitute image for postgres:10-alpine (using image substitutor: DefaultImageNameSubstitutor (ConfigurationFileImageNameSubstitutor))
]]></system-out>
  </testcase>
  <testcase name="whenFindAllThenCheckResult" classname="one.digitalinnovation.parking.controller.ParkingControllerTest" time="0">
    <error message="Could not initialize class one.digitalinnovation.parking.controller.ParkingControllerTest" type="java.lang.NoClassDefFoundError">java.lang.NoClassDefFoundError: Could not initialize class one.digitalinnovation.parking.controller.ParkingControllerTest
</error>
  </testcase>
</testsuite>